<?xml version="1.0" encoding="UTF-8"?>
<coverage generated="1465414397">
  <project timestamp="1465414397">
    <package name="Sleimanx2\Plastic">
      <file name="/home/vagrant/Code/bowtie/krekib/plastic/src/Connection.php">
        <class name="Connection" namespace="Sleimanx2\Plastic">
          <metrics methods="18" coveredmethods="17" conditionals="0" coveredconditionals="0" statements="28" coveredstatements="25" elements="46" coveredelements="42"/>
        </class>
        <line num="37" type="method" name="__construct" crap="1" count="15"/>
        <line num="39" type="stmt" count="15"/>
        <line num="41" type="stmt" count="15"/>
        <line num="42" type="stmt" count="15"/>
        <line num="49" type="method" name="getMapBuilder" crap="1" count="1"/>
        <line num="51" type="stmt" count="1"/>
        <line num="59" type="method" name="getMapGrammar" crap="1" count="3"/>
        <line num="61" type="stmt" count="3"/>
        <line num="69" type="method" name="getDSLQuery" crap="1" count="3"/>
        <line num="71" type="stmt" count="3"/>
        <line num="79" type="method" name="getClient" crap="1" count="1"/>
        <line num="81" type="stmt" count="1"/>
        <line num="89" type="method" name="setClient" crap="1" count="7"/>
        <line num="91" type="stmt" count="7"/>
        <line num="92" type="stmt" count="7"/>
        <line num="99" type="method" name="getDefaultIndex" crap="1" count="1"/>
        <line num="101" type="stmt" count="1"/>
        <line num="110" type="method" name="mapStatement" crap="1" count="1"/>
        <line num="112" type="stmt" count="1"/>
        <line num="121" type="method" name="searchStatement" crap="1" count="1"/>
        <line num="123" type="stmt" count="1"/>
        <line num="132" type="method" name="suggestStatement" crap="1" count="1"/>
        <line num="134" type="stmt" count="1"/>
        <line num="143" type="method" name="indexStatement" crap="1" count="1"/>
        <line num="145" type="stmt" count="1"/>
        <line num="154" type="method" name="updateStatement" crap="1" count="1"/>
        <line num="156" type="stmt" count="1"/>
        <line num="165" type="method" name="deleteStatement" crap="1" count="1"/>
        <line num="167" type="stmt" count="1"/>
        <line num="176" type="method" name="bulkStatement" crap="1" count="1"/>
        <line num="178" type="stmt" count="1"/>
        <line num="186" type="method" name="search" crap="1" count="1"/>
        <line num="188" type="stmt" count="1"/>
        <line num="196" type="method" name="suggest" crap="1" count="1"/>
        <line num="198" type="stmt" count="1"/>
        <line num="207" type="method" name="persist" crap="1" count="1"/>
        <line num="209" type="stmt" count="1"/>
        <line num="218" type="method" name="buildClient" crap="4.84" count="15"/>
        <line num="220" type="stmt" count="15"/>
        <line num="221" type="stmt" count="15"/>
        <line num="223" type="stmt" count="15"/>
        <line num="224" type="stmt" count="0"/>
        <line num="227" type="stmt" count="15"/>
        <line num="228" type="stmt" count="0"/>
        <line num="229" type="stmt" count="0"/>
        <line num="232" type="stmt" count="15"/>
        <metrics loc="233" ncloc="124" classes="1" methods="18" coveredmethods="17" conditionals="0" coveredconditionals="0" statements="28" coveredstatements="25" elements="46" coveredelements="42"/>
      </file>
      <file name="/home/vagrant/Code/bowtie/krekib/plastic/src/MappingServiceProvider.php">
        <class name="MappingServiceProvider" namespace="Sleimanx2\Plastic">
          <metrics methods="11" coveredmethods="0" conditionals="0" coveredconditionals="0" statements="50" coveredstatements="0" elements="61" coveredelements="0"/>
        </class>
        <line num="27" type="method" name="register" crap="2" count="0"/>
        <line num="28" type="stmt" count="0"/>
        <line num="29" type="stmt" count="0"/>
        <line num="31" type="stmt" count="0"/>
        <line num="33" type="stmt" count="0"/>
        <line num="35" type="stmt" count="0"/>
        <line num="37" type="stmt" count="0"/>
        <line num="38" type="stmt" count="0"/>
        <line num="43" type="method" name="registerRepository" crap="2" count="0"/>
        <line num="44" type="stmt" count="0"/>
        <line num="47" type="stmt" count="0"/>
        <line num="49" type="stmt" count="0"/>
        <line num="50" type="stmt" count="0"/>
        <line num="51" type="stmt" count="0"/>
        <line num="56" type="method" name="registerCreator" crap="2" count="0"/>
        <line num="57" type="stmt" count="0"/>
        <line num="60" type="stmt" count="0"/>
        <line num="61" type="stmt" count="0"/>
        <line num="62" type="stmt" count="0"/>
        <line num="67" type="method" name="registerMapper" crap="2" count="0"/>
        <line num="68" type="stmt" count="0"/>
        <line num="70" type="stmt" count="0"/>
        <line num="71" type="stmt" count="0"/>
        <line num="72" type="stmt" count="0"/>
        <line num="77" type="method" name="registerCommands" crap="6" count="0"/>
        <line num="78" type="stmt" count="0"/>
        <line num="79" type="stmt" count="0"/>
        <line num="81" type="stmt" count="0"/>
        <line num="82" type="stmt" count="0"/>
        <line num="83" type="stmt" count="0"/>
        <line num="85" type="stmt" count="0"/>
        <line num="86" type="stmt" count="0"/>
        <line num="87" type="stmt" count="0"/>
        <line num="88" type="stmt" count="0"/>
        <line num="89" type="stmt" count="0"/>
        <line num="90" type="stmt" count="0"/>
        <line num="91" type="stmt" count="0"/>
        <line num="96" type="method" name="registerInstallCommand" crap="2" count="0"/>
        <line num="97" type="stmt" count="0"/>
        <line num="99" type="stmt" count="0"/>
        <line num="100" type="stmt" count="0"/>
        <line num="101" type="stmt" count="0"/>
        <line num="106" type="method" name="registerRunCommand" crap="2" count="0"/>
        <line num="107" type="stmt" count="0"/>
        <line num="109" type="stmt" count="0"/>
        <line num="110" type="stmt" count="0"/>
        <line num="111" type="stmt" count="0"/>
        <line num="116" type="method" name="registerResetCommand" crap="2" count="0"/>
        <line num="117" type="stmt" count="0"/>
        <line num="119" type="stmt" count="0"/>
        <line num="120" type="stmt" count="0"/>
        <line num="121" type="stmt" count="0"/>
        <line num="126" type="method" name="registerMakeCommand" crap="2" count="0"/>
        <line num="127" type="stmt" count="0"/>
        <line num="128" type="method" name="anonymous function" crap="2" count="0"/>
        <line num="129" type="stmt" count="0"/>
        <line num="130" type="stmt" count="0"/>
        <line num="131" type="stmt" count="0"/>
        <line num="136" type="method" name="registerAlias" crap="2" count="0"/>
        <line num="137" type="stmt" count="0"/>
        <line num="138" type="stmt" count="0"/>
        <line num="139" type="stmt" count="0"/>
        <metrics loc="140" ncloc="105" classes="1" methods="11" coveredmethods="0" conditionals="0" coveredconditionals="0" statements="51" coveredstatements="0" elements="62" coveredelements="0"/>
      </file>
      <file name="/home/vagrant/Code/bowtie/krekib/plastic/src/PlasticManager.php">
        <class name="PlasticManager" namespace="Sleimanx2\Plastic">
          <metrics methods="3" coveredmethods="0" conditionals="0" coveredconditionals="0" statements="13" coveredstatements="0" elements="16" coveredelements="0"/>
        </class>
        <line num="25" type="method" name="__construct" crap="2" count="0"/>
        <line num="26" type="stmt" count="0"/>
        <line num="27" type="stmt" count="0"/>
        <line num="28" type="stmt" count="0"/>
        <line num="34" type="method" name="connection" crap="6" count="0"/>
        <line num="35" type="stmt" count="0"/>
        <line num="36" type="stmt" count="0"/>
        <line num="38" type="stmt" count="0"/>
        <line num="40" type="stmt" count="0"/>
        <line num="41" type="stmt" count="0"/>
        <line num="43" type="stmt" count="0"/>
        <line num="44" type="stmt" count="0"/>
        <line num="53" type="method" name="__call" crap="2" count="0"/>
        <line num="54" type="stmt" count="0"/>
        <line num="55" type="stmt" count="0"/>
        <line num="56" type="stmt" count="0"/>
        <metrics loc="56" ncloc="35" classes="1" methods="3" coveredmethods="0" conditionals="0" coveredconditionals="0" statements="13" coveredstatements="0" elements="16" coveredelements="0"/>
      </file>
      <file name="/home/vagrant/Code/bowtie/krekib/plastic/src/PlasticPaginator.php">
        <class name="PlasticPaginator" namespace="Sleimanx2\Plastic">
          <metrics methods="2" coveredmethods="0" conditionals="0" coveredconditionals="0" statements="10" coveredstatements="0" elements="12" coveredelements="0"/>
        </class>
        <line num="22" type="method" name="__construct" crap="2" count="0"/>
        <line num="23" type="stmt" count="0"/>
        <line num="24" type="stmt" count="0"/>
        <line num="26" type="stmt" count="0"/>
        <line num="27" type="stmt" count="0"/>
        <line num="29" type="stmt" count="0"/>
        <line num="31" type="stmt" count="0"/>
        <line num="32" type="stmt" count="0"/>
        <line num="40" type="method" name="result" crap="2" count="0"/>
        <line num="41" type="stmt" count="0"/>
        <line num="42" type="stmt" count="0"/>
        <line num="43" type="stmt" count="0"/>
        <metrics loc="43" ncloc="28" classes="1" methods="2" coveredmethods="0" conditionals="0" coveredconditionals="0" statements="10" coveredstatements="0" elements="12" coveredelements="0"/>
      </file>
      <file name="/home/vagrant/Code/bowtie/krekib/plastic/src/PlasticResult.php">
        <class name="PlasticResult" namespace="Sleimanx2\Plastic">
          <metrics methods="9" coveredmethods="0" conditionals="0" coveredconditionals="0" statements="33" coveredstatements="0" elements="42" coveredelements="0"/>
        </class>
        <line num="62" type="method" name="__construct" crap="6" count="0"/>
        <line num="63" type="stmt" count="0"/>
        <line num="64" type="stmt" count="0"/>
        <line num="66" type="stmt" count="0"/>
        <line num="68" type="stmt" count="0"/>
        <line num="70" type="stmt" count="0"/>
        <line num="72" type="stmt" count="0"/>
        <line num="74" type="stmt" count="0"/>
        <line num="76" type="stmt" count="0"/>
        <line num="77" type="stmt" count="0"/>
        <line num="84" type="method" name="totalHits" crap="2" count="0"/>
        <line num="85" type="stmt" count="0"/>
        <line num="86" type="stmt" count="0"/>
        <line num="87" type="stmt" count="0"/>
        <line num="94" type="method" name="maxScore" crap="2" count="0"/>
        <line num="95" type="stmt" count="0"/>
        <line num="96" type="stmt" count="0"/>
        <line num="97" type="stmt" count="0"/>
        <line num="104" type="method" name="shards" crap="2" count="0"/>
        <line num="105" type="stmt" count="0"/>
        <line num="106" type="stmt" count="0"/>
        <line num="107" type="stmt" count="0"/>
        <line num="114" type="method" name="took" crap="2" count="0"/>
        <line num="115" type="stmt" count="0"/>
        <line num="116" type="stmt" count="0"/>
        <line num="117" type="stmt" count="0"/>
        <line num="124" type="method" name="timedOut" crap="2" count="0"/>
        <line num="125" type="stmt" count="0"/>
        <line num="126" type="stmt" count="0"/>
        <line num="127" type="stmt" count="0"/>
        <line num="137" type="method" name="hits" crap="2" count="0"/>
        <line num="138" type="stmt" count="0"/>
        <line num="139" type="stmt" count="0"/>
        <line num="140" type="stmt" count="0"/>
        <line num="147" type="method" name="setHits" crap="2" count="0"/>
        <line num="148" type="stmt" count="0"/>
        <line num="149" type="stmt" count="0"/>
        <line num="150" type="stmt" count="0"/>
        <line num="160" type="method" name="aggregations" crap="2" count="0"/>
        <line num="161" type="stmt" count="0"/>
        <line num="162" type="stmt" count="0"/>
        <line num="163" type="stmt" count="0"/>
        <metrics loc="163" ncloc="79" classes="1" methods="9" coveredmethods="0" conditionals="0" coveredconditionals="0" statements="33" coveredstatements="0" elements="42" coveredelements="0"/>
      </file>
      <file name="/home/vagrant/Code/bowtie/krekib/plastic/src/PlasticServiceProvider.php">
        <class name="PlasticServiceProvider" namespace="Sleimanx2\Plastic">
          <metrics methods="6" coveredmethods="0" conditionals="0" coveredconditionals="0" statements="24" coveredstatements="0" elements="30" coveredelements="0"/>
        </class>
        <line num="16" type="method" name="boot" crap="2" count="0"/>
        <line num="17" type="stmt" count="0"/>
        <line num="19" type="stmt" count="0"/>
        <line num="20" type="stmt" count="0"/>
        <line num="21" type="stmt" count="0"/>
        <line num="24" type="stmt" count="0"/>
        <line num="25" type="stmt" count="0"/>
        <line num="26" type="stmt" count="0"/>
        <line num="27" type="stmt" count="0"/>
        <line num="34" type="method" name="register" crap="2" count="0"/>
        <line num="35" type="stmt" count="0"/>
        <line num="36" type="stmt" count="0"/>
        <line num="38" type="stmt" count="0"/>
        <line num="40" type="stmt" count="0"/>
        <line num="41" type="stmt" count="0"/>
        <line num="46" type="method" name="registerManager" crap="2" count="0"/>
        <line num="47" type="stmt" count="0"/>
        <line num="49" type="stmt" count="0"/>
        <line num="50" type="stmt" count="0"/>
        <line num="52" type="method" name="anonymous function" crap="2" count="0"/>
        <line num="53" type="stmt" count="0"/>
        <line num="54" type="stmt" count="0"/>
        <line num="55" type="stmt" count="0"/>
        <line num="60" type="method" name="registerMappings" crap="2" count="0"/>
        <line num="61" type="stmt" count="0"/>
        <line num="62" type="stmt" count="0"/>
        <line num="63" type="stmt" count="0"/>
        <line num="68" type="method" name="registerAlias" crap="2" count="0"/>
        <line num="69" type="stmt" count="0"/>
        <line num="70" type="stmt" count="0"/>
        <line num="71" type="stmt" count="0"/>
        <metrics loc="71" ncloc="48" classes="1" methods="6" coveredmethods="0" conditionals="0" coveredconditionals="0" statements="25" coveredstatements="0" elements="31" coveredelements="0"/>
      </file>
      <file name="/home/vagrant/Code/bowtie/krekib/plastic/src/Searchable.php">
        <class name="Searchable" namespace="Sleimanx2\Plastic">
          <metrics methods="8" coveredmethods="0" conditionals="0" coveredconditionals="0" statements="50" coveredstatements="0" elements="58" coveredelements="0"/>
        </class>
        <line num="44" type="method" name="bootSearchable" crap="2" count="0"/>
        <line num="45" type="stmt" count="0"/>
        <line num="47" type="stmt" count="0"/>
        <line num="48" type="stmt" count="0"/>
        <line num="51" type="stmt" count="0"/>
        <line num="52" type="stmt" count="0"/>
        <line num="54" type="method" name="anonymous function" crap="2" count="0"/>
        <line num="55" type="stmt" count="0"/>
        <line num="56" type="stmt" count="0"/>
        <line num="57" type="stmt" count="0"/>
        <line num="64" type="method" name="search" crap="2" count="0"/>
        <line num="65" type="stmt" count="0"/>
        <line num="66" type="stmt" count="0"/>
        <line num="67" type="stmt" count="0"/>
        <line num="74" type="method" name="suggest" crap="2" count="0"/>
        <line num="75" type="stmt" count="0"/>
        <line num="76" type="stmt" count="0"/>
        <line num="77" type="stmt" count="0"/>
        <line num="85" type="method" name="document" crap="2" count="0"/>
        <line num="86" type="stmt" count="0"/>
        <line num="87" type="stmt" count="0"/>
        <line num="88" type="stmt" count="0"/>
        <line num="95" type="method" name="getType" crap="6" count="0"/>
        <line num="96" type="stmt" count="0"/>
        <line num="98" type="stmt" count="0"/>
        <line num="99" type="stmt" count="0"/>
        <line num="100" type="stmt" count="0"/>
        <line num="102" type="stmt" count="0"/>
        <line num="103" type="stmt" count="0"/>
        <line num="110" type="method" name="getDocumentData" crap="12" count="0"/>
        <line num="111" type="stmt" count="0"/>
        <line num="114" type="stmt" count="0"/>
        <line num="115" type="stmt" count="0"/>
        <line num="117" type="stmt" count="0"/>
        <line num="118" type="stmt" count="0"/>
        <line num="121" type="stmt" count="0"/>
        <line num="122" type="stmt" count="0"/>
        <line num="124" type="stmt" count="0"/>
        <line num="125" type="stmt" count="0"/>
        <line num="126" type="stmt" count="0"/>
        <line num="128" type="stmt" count="0"/>
        <line num="129" type="stmt" count="0"/>
        <line num="130" type="stmt" count="0"/>
        <line num="138" type="method" name="buildDocumentFromArray" crap="20" count="0"/>
        <line num="139" type="stmt" count="0"/>
        <line num="140" type="stmt" count="0"/>
        <line num="142" type="stmt" count="0"/>
        <line num="144" type="stmt" count="0"/>
        <line num="146" type="stmt" count="0"/>
        <line num="148" type="stmt" count="0"/>
        <line num="150" type="stmt" count="0"/>
        <line num="152" type="stmt" count="0"/>
        <line num="154" type="stmt" count="0"/>
        <line num="156" type="stmt" count="0"/>
        <line num="157" type="stmt" count="0"/>
        <line num="159" type="stmt" count="0"/>
        <line num="160" type="stmt" count="0"/>
        <line num="162" type="stmt" count="0"/>
        <line num="163" type="stmt" count="0"/>
        <metrics loc="164" ncloc="101" classes="1" methods="8" coveredmethods="0" conditionals="0" coveredconditionals="0" statements="51" coveredstatements="0" elements="59" coveredelements="0"/>
      </file>
    </package>
    <package name="Sleimanx2\Plastic\Console\Mapping">
      <file name="/home/vagrant/Code/bowtie/krekib/plastic/src/Console/Mapping/BaseCommand.php">
        <class name="BaseCommand" namespace="Sleimanx2\Plastic\Console\Mapping">
          <metrics methods="1" coveredmethods="0" conditionals="0" coveredconditionals="0" statements="3" coveredstatements="0" elements="4" coveredelements="0"/>
        </class>
        <line num="13" type="method" name="getMappingPath" crap="2" count="0"/>
        <line num="14" type="stmt" count="0"/>
        <line num="15" type="stmt" count="0"/>
        <line num="16" type="stmt" count="0"/>
        <metrics loc="16" ncloc="11" classes="1" methods="1" coveredmethods="0" conditionals="0" coveredconditionals="0" statements="3" coveredstatements="0" elements="4" coveredelements="0"/>
      </file>
      <file name="/home/vagrant/Code/bowtie/krekib/plastic/src/Console/Mapping/Install.php">
        <class name="Install" namespace="Sleimanx2\Plastic\Console\Mapping">
          <metrics methods="2" coveredmethods="0" conditionals="0" coveredconditionals="0" statements="9" coveredstatements="0" elements="11" coveredelements="0"/>
        </class>
        <line num="30" type="method" name="__construct" crap="2" count="0"/>
        <line num="31" type="stmt" count="0"/>
        <line num="32" type="stmt" count="0"/>
        <line num="34" type="stmt" count="0"/>
        <line num="35" type="stmt" count="0"/>
        <line num="40" type="method" name="handle" crap="2" count="0"/>
        <line num="41" type="stmt" count="0"/>
        <line num="42" type="stmt" count="0"/>
        <line num="44" type="stmt" count="0"/>
        <line num="46" type="stmt" count="0"/>
        <line num="47" type="stmt" count="0"/>
        <metrics loc="50" ncloc="34" classes="1" methods="2" coveredmethods="0" conditionals="0" coveredconditionals="0" statements="9" coveredstatements="0" elements="11" coveredelements="0"/>
      </file>
      <file name="/home/vagrant/Code/bowtie/krekib/plastic/src/Console/Mapping/Make.php">
        <class name="Make" namespace="Sleimanx2\Plastic\Console\Mapping">
          <metrics methods="3" coveredmethods="0" conditionals="0" coveredconditionals="0" statements="15" coveredstatements="0" elements="18" coveredelements="0"/>
        </class>
        <line num="42" type="method" name="__construct" crap="2" count="0"/>
        <line num="43" type="stmt" count="0"/>
        <line num="44" type="stmt" count="0"/>
        <line num="46" type="stmt" count="0"/>
        <line num="47" type="stmt" count="0"/>
        <line num="48" type="stmt" count="0"/>
        <line num="53" type="method" name="handle" crap="2" count="0"/>
        <line num="54" type="stmt" count="0"/>
        <line num="55" type="stmt" count="0"/>
        <line num="57" type="stmt" count="0"/>
        <line num="59" type="stmt" count="0"/>
        <line num="60" type="stmt" count="0"/>
        <line num="67" type="method" name="writeMapping" crap="2" count="0"/>
        <line num="68" type="stmt" count="0"/>
        <line num="69" type="stmt" count="0"/>
        <line num="71" type="stmt" count="0"/>
        <line num="73" type="stmt" count="0"/>
        <line num="74" type="stmt" count="0"/>
        <metrics loc="76" ncloc="46" classes="1" methods="3" coveredmethods="0" conditionals="0" coveredconditionals="0" statements="15" coveredstatements="0" elements="18" coveredelements="0"/>
      </file>
      <file name="/home/vagrant/Code/bowtie/krekib/plastic/src/Console/Mapping/Reset.php">
        <class name="Reset" namespace="Sleimanx2\Plastic\Console\Mapping">
          <metrics methods="2" coveredmethods="0" conditionals="0" coveredconditionals="0" statements="12" coveredstatements="0" elements="14" coveredelements="0"/>
        </class>
        <line num="36" type="method" name="__construct" crap="2" count="0"/>
        <line num="37" type="stmt" count="0"/>
        <line num="38" type="stmt" count="0"/>
        <line num="40" type="stmt" count="0"/>
        <line num="41" type="stmt" count="0"/>
        <line num="46" type="method" name="handle" crap="6" count="0"/>
        <line num="47" type="stmt" count="0"/>
        <line num="48" type="stmt" count="0"/>
        <line num="49" type="stmt" count="0"/>
        <line num="50" type="stmt" count="0"/>
        <line num="52" type="stmt" count="0"/>
        <line num="54" type="stmt" count="0"/>
        <line num="56" type="stmt" count="0"/>
        <line num="57" type="stmt" count="0"/>
        <metrics loc="57" ncloc="36" classes="1" methods="2" coveredmethods="0" conditionals="0" coveredconditionals="0" statements="12" coveredstatements="0" elements="14" coveredelements="0"/>
      </file>
      <file name="/home/vagrant/Code/bowtie/krekib/plastic/src/Console/Mapping/Run.php">
        <class name="Run" namespace="Sleimanx2\Plastic\Console\Mapping">
          <metrics methods="3" coveredmethods="0" conditionals="0" coveredconditionals="0" statements="28" coveredstatements="0" elements="31" coveredelements="0"/>
        </class>
        <line num="36" type="method" name="__construct" crap="2" count="0"/>
        <line num="37" type="stmt" count="0"/>
        <line num="38" type="stmt" count="0"/>
        <line num="40" type="stmt" count="0"/>
        <line num="41" type="stmt" count="0"/>
        <line num="46" type="method" name="handle" crap="20" count="0"/>
        <line num="47" type="stmt" count="0"/>
        <line num="48" type="stmt" count="0"/>
        <line num="49" type="stmt" count="0"/>
        <line num="50" type="stmt" count="0"/>
        <line num="52" type="stmt" count="0"/>
        <line num="57" type="stmt" count="0"/>
        <line num="58" type="stmt" count="0"/>
        <line num="59" type="stmt" count="0"/>
        <line num="60" type="stmt" count="0"/>
        <line num="61" type="stmt" count="0"/>
        <line num="63" type="stmt" count="0"/>
        <line num="64" type="stmt" count="0"/>
        <line num="65" type="stmt" count="0"/>
        <line num="70" type="stmt" count="0"/>
        <line num="71" type="stmt" count="0"/>
        <line num="72" type="stmt" count="0"/>
        <line num="74" type="stmt" count="0"/>
        <line num="80" type="method" name="prepareDatabase" crap="6" count="0"/>
        <line num="81" type="stmt" count="0"/>
        <line num="82" type="stmt" count="0"/>
        <line num="84" type="stmt" count="0"/>
        <line num="86" type="stmt" count="0"/>
        <line num="88" type="stmt" count="0"/>
        <line num="89" type="stmt" count="0"/>
        <line num="90" type="stmt" count="0"/>
        <metrics loc="91" ncloc="55" classes="1" methods="3" coveredmethods="0" conditionals="0" coveredconditionals="0" statements="28" coveredstatements="0" elements="31" coveredelements="0"/>
      </file>
    </package>
    <package name="Sleimanx2\Plastic\DSL">
      <file name="/home/vagrant/Code/bowtie/krekib/plastic/src/DSL/AggregationBuilder.php">
        <class name="AggregationBuilder" namespace="Sleimanx2\Plastic\DSL">
          <metrics methods="20" coveredmethods="0" conditionals="0" coveredconditionals="0" statements="101" coveredstatements="0" elements="121" coveredelements="0"/>
        </class>
        <line num="40" type="method" name="__construct" crap="2" count="0"/>
        <line num="41" type="stmt" count="0"/>
        <line num="42" type="stmt" count="0"/>
        <line num="43" type="stmt" count="0"/>
        <line num="53" type="method" name="average" crap="2" count="0"/>
        <line num="54" type="stmt" count="0"/>
        <line num="55" type="stmt" count="0"/>
        <line num="57" type="stmt" count="0"/>
        <line num="58" type="stmt" count="0"/>
        <line num="69" type="method" name="cardinality" crap="30" count="0"/>
        <line num="70" type="stmt" count="0"/>
        <line num="71" type="stmt" count="0"/>
        <line num="73" type="stmt" count="0"/>
        <line num="75" type="stmt" count="0"/>
        <line num="76" type="stmt" count="0"/>
        <line num="77" type="stmt" count="0"/>
        <line num="79" type="stmt" count="0"/>
        <line num="80" type="stmt" count="0"/>
        <line num="81" type="stmt" count="0"/>
        <line num="83" type="stmt" count="0"/>
        <line num="84" type="stmt" count="0"/>
        <line num="85" type="stmt" count="0"/>
        <line num="87" type="stmt" count="0"/>
        <line num="88" type="stmt" count="0"/>
        <line num="89" type="stmt" count="0"/>
        <line num="91" type="stmt" count="0"/>
        <line num="92" type="stmt" count="0"/>
        <line num="102" type="method" name="dateRange" crap="2" count="0"/>
        <line num="103" type="stmt" count="0"/>
        <line num="104" type="stmt" count="0"/>
        <line num="106" type="stmt" count="0"/>
        <line num="107" type="stmt" count="0"/>
        <line num="116" type="method" name="geoBounds" crap="2" count="0"/>
        <line num="117" type="stmt" count="0"/>
        <line num="118" type="stmt" count="0"/>
        <line num="120" type="stmt" count="0"/>
        <line num="121" type="stmt" count="0"/>
        <line num="131" type="method" name="geoDistance" crap="2" count="0"/>
        <line num="132" type="stmt" count="0"/>
        <line num="133" type="stmt" count="0"/>
        <line num="135" type="stmt" count="0"/>
        <line num="136" type="stmt" count="0"/>
        <line num="147" type="method" name="geoHashGrid" crap="2" count="0"/>
        <line num="148" type="stmt" count="0"/>
        <line num="149" type="stmt" count="0"/>
        <line num="151" type="stmt" count="0"/>
        <line num="152" type="stmt" count="0"/>
        <line num="167" type="method" name="histogram" crap="2" count="0"/>
        <line num="168" type="stmt" count="0"/>
        <line num="169" type="stmt" count="0"/>
        <line num="170" type="stmt" count="0"/>
        <line num="171" type="stmt" count="0"/>
        <line num="172" type="stmt" count="0"/>
        <line num="173" type="stmt" count="0"/>
        <line num="174" type="stmt" count="0"/>
        <line num="175" type="stmt" count="0"/>
        <line num="176" type="stmt" count="0"/>
        <line num="177" type="stmt" count="0"/>
        <line num="178" type="stmt" count="0"/>
        <line num="179" type="stmt" count="0"/>
        <line num="181" type="stmt" count="0"/>
        <line num="182" type="stmt" count="0"/>
        <line num="191" type="method" name="ipv4Range" crap="2" count="0"/>
        <line num="192" type="stmt" count="0"/>
        <line num="193" type="stmt" count="0"/>
        <line num="195" type="stmt" count="0"/>
        <line num="196" type="stmt" count="0"/>
        <line num="205" type="method" name="max" crap="2" count="0"/>
        <line num="206" type="stmt" count="0"/>
        <line num="207" type="stmt" count="0"/>
        <line num="209" type="stmt" count="0"/>
        <line num="210" type="stmt" count="0"/>
        <line num="219" type="method" name="min" crap="2" count="0"/>
        <line num="220" type="stmt" count="0"/>
        <line num="221" type="stmt" count="0"/>
        <line num="223" type="stmt" count="0"/>
        <line num="224" type="stmt" count="0"/>
        <line num="232" type="method" name="missing" crap="2" count="0"/>
        <line num="233" type="stmt" count="0"/>
        <line num="234" type="stmt" count="0"/>
        <line num="236" type="stmt" count="0"/>
        <line num="237" type="stmt" count="0"/>
        <line num="248" type="method" name="percentile" crap="2" count="0"/>
        <line num="249" type="stmt" count="0"/>
        <line num="250" type="stmt" count="0"/>
        <line num="252" type="stmt" count="0"/>
        <line num="253" type="stmt" count="0"/>
        <line num="264" type="method" name="percentileRanks" crap="2" count="0"/>
        <line num="265" type="stmt" count="0"/>
        <line num="266" type="stmt" count="0"/>
        <line num="268" type="stmt" count="0"/>
        <line num="269" type="stmt" count="0"/>
        <line num="278" type="method" name="stats" crap="2" count="0"/>
        <line num="279" type="stmt" count="0"/>
        <line num="280" type="stmt" count="0"/>
        <line num="282" type="stmt" count="0"/>
        <line num="283" type="stmt" count="0"/>
        <line num="292" type="method" name="sum" crap="2" count="0"/>
        <line num="293" type="stmt" count="0"/>
        <line num="294" type="stmt" count="0"/>
        <line num="296" type="stmt" count="0"/>
        <line num="297" type="stmt" count="0"/>
        <line num="306" type="method" name="valueCount" crap="2" count="0"/>
        <line num="307" type="stmt" count="0"/>
        <line num="308" type="stmt" count="0"/>
        <line num="310" type="stmt" count="0"/>
        <line num="311" type="stmt" count="0"/>
        <line num="321" type="method" name="range" crap="2" count="0"/>
        <line num="322" type="stmt" count="0"/>
        <line num="323" type="stmt" count="0"/>
        <line num="325" type="stmt" count="0"/>
        <line num="326" type="stmt" count="0"/>
        <line num="336" type="method" name="terms" crap="2" count="0"/>
        <line num="337" type="stmt" count="0"/>
        <line num="338" type="stmt" count="0"/>
        <line num="340" type="stmt" count="0"/>
        <line num="341" type="stmt" count="0"/>
        <line num="349" type="method" name="append" crap="2" count="0"/>
        <line num="350" type="stmt" count="0"/>
        <line num="351" type="stmt" count="0"/>
        <line num="352" type="stmt" count="0"/>
        <metrics loc="353" ncloc="196" classes="1" methods="20" coveredmethods="0" conditionals="0" coveredconditionals="0" statements="101" coveredstatements="0" elements="121" coveredelements="0"/>
      </file>
      <file name="/home/vagrant/Code/bowtie/krekib/plastic/src/DSL/SearchBuilder.php">
        <class name="SearchBuilder" namespace="Sleimanx2\Plastic\DSL">
          <metrics methods="41" coveredmethods="1" conditionals="0" coveredconditionals="0" statements="125" coveredstatements="3" elements="166" coveredelements="4"/>
        </class>
        <line num="90" type="method" name="__construct" crap="2" count="1"/>
        <line num="92" type="stmt" count="1"/>
        <line num="93" type="stmt" count="1"/>
        <line num="94" type="stmt" count="1"/>
        <line num="102" type="method" name="type" crap="2" count="0"/>
        <line num="104" type="stmt" count="0"/>
        <line num="106" type="stmt" count="0"/>
        <line num="116" type="method" name="model" crap="6" count="0"/>
        <line num="119" type="stmt" count="0"/>
        <line num="121" type="stmt" count="0"/>
        <line num="122" type="stmt" count="0"/>
        <line num="125" type="stmt" count="0"/>
        <line num="127" type="stmt" count="0"/>
        <line num="129" type="stmt" count="0"/>
        <line num="138" type="method" name="from" crap="2" count="0"/>
        <line num="140" type="stmt" count="0"/>
        <line num="142" type="stmt" count="0"/>
        <line num="151" type="method" name="size" crap="2" count="0"/>
        <line num="153" type="stmt" count="0"/>
        <line num="155" type="stmt" count="0"/>
        <line num="166" type="method" name="sort" crap="12" count="0"/>
        <line num="168" type="stmt" count="0"/>
        <line num="170" type="stmt" count="0"/>
        <line num="171" type="stmt" count="0"/>
        <line num="173" type="stmt" count="0"/>
        <line num="176" type="stmt" count="0"/>
        <line num="185" type="method" name="minScore" crap="2" count="0"/>
        <line num="187" type="stmt" count="0"/>
        <line num="189" type="stmt" count="0"/>
        <line num="198" type="method" name="scroll" crap="2" count="0"/>
        <line num="200" type="stmt" count="0"/>
        <line num="202" type="stmt" count="0"/>
        <line num="208" type="method" name="should" crap="2" count="0"/>
        <line num="210" type="stmt" count="0"/>
        <line num="212" type="stmt" count="0"/>
        <line num="218" type="method" name="must" crap="2" count="0"/>
        <line num="220" type="stmt" count="0"/>
        <line num="222" type="stmt" count="0"/>
        <line num="228" type="method" name="mustNot" crap="2" count="0"/>
        <line num="230" type="stmt" count="0"/>
        <line num="232" type="stmt" count="0"/>
        <line num="238" type="method" name="filter" crap="2" count="0"/>
        <line num="240" type="stmt" count="0"/>
        <line num="242" type="stmt" count="0"/>
        <line num="248" type="method" name="query" crap="2" count="0"/>
        <line num="250" type="stmt" count="0"/>
        <line num="252" type="stmt" count="0"/>
        <line num="261" type="method" name="ids" crap="6" count="0"/>
        <line num="263" type="stmt" count="0"/>
        <line num="265" type="stmt" count="0"/>
        <line num="267" type="stmt" count="0"/>
        <line num="269" type="stmt" count="0"/>
        <line num="280" type="method" name="term" crap="2" count="0"/>
        <line num="282" type="stmt" count="0"/>
        <line num="284" type="stmt" count="0"/>
        <line num="286" type="stmt" count="0"/>
        <line num="297" type="method" name="terms" crap="2" count="0"/>
        <line num="299" type="stmt" count="0"/>
        <line num="301" type="stmt" count="0"/>
        <line num="303" type="stmt" count="0"/>
        <line num="314" type="method" name="wildcard" crap="2" count="0"/>
        <line num="316" type="stmt" count="0"/>
        <line num="318" type="stmt" count="0"/>
        <line num="320" type="stmt" count="0"/>
        <line num="330" type="method" name="matchAll" crap="2" count="0"/>
        <line num="332" type="stmt" count="0"/>
        <line num="334" type="stmt" count="0"/>
        <line num="336" type="stmt" count="0"/>
        <line num="347" type="method" name="match" crap="2" count="0"/>
        <line num="349" type="stmt" count="0"/>
        <line num="351" type="stmt" count="0"/>
        <line num="353" type="stmt" count="0"/>
        <line num="364" type="method" name="multyMatch" crap="2" count="0"/>
        <line num="366" type="stmt" count="0"/>
        <line num="368" type="stmt" count="0"/>
        <line num="370" type="stmt" count="0"/>
        <line num="382" type="method" name="geoBoundingBox" crap="2" count="0"/>
        <line num="384" type="stmt" count="0"/>
        <line num="386" type="stmt" count="0"/>
        <line num="388" type="stmt" count="0"/>
        <line num="400" type="method" name="geoDistance" crap="2" count="0"/>
        <line num="402" type="stmt" count="0"/>
        <line num="404" type="stmt" count="0"/>
        <line num="406" type="stmt" count="0"/>
        <line num="419" type="method" name="geoDistanceRange" crap="2" count="0"/>
        <line num="421" type="stmt" count="0"/>
        <line num="423" type="stmt" count="0"/>
        <line num="425" type="stmt" count="0"/>
        <line num="437" type="method" name="geoHash" crap="2" count="0"/>
        <line num="439" type="stmt" count="0"/>
        <line num="441" type="stmt" count="0"/>
        <line num="443" type="stmt" count="0"/>
        <line num="454" type="method" name="geoPolygon" crap="2" count="0"/>
        <line num="456" type="stmt" count="0"/>
        <line num="458" type="stmt" count="0"/>
        <line num="460" type="stmt" count="0"/>
        <line num="470" type="method" name="geoShape" crap="2" count="0"/>
        <line num="472" type="stmt" count="0"/>
        <line num="474" type="stmt" count="0"/>
        <line num="476" type="stmt" count="0"/>
        <line num="487" type="method" name="prefix" crap="2" count="0"/>
        <line num="489" type="stmt" count="0"/>
        <line num="491" type="stmt" count="0"/>
        <line num="493" type="stmt" count="0"/>
        <line num="503" type="method" name="queryString" crap="2" count="0"/>
        <line num="505" type="stmt" count="0"/>
        <line num="507" type="stmt" count="0"/>
        <line num="509" type="stmt" count="0"/>
        <line num="520" type="method" name="simpleQueryString" crap="2" count="0"/>
        <line num="522" type="stmt" count="0"/>
        <line num="524" type="stmt" count="0"/>
        <line num="526" type="stmt" count="0"/>
        <line num="536" type="method" name="range" crap="2" count="0"/>
        <line num="538" type="stmt" count="0"/>
        <line num="540" type="stmt" count="0"/>
        <line num="542" type="stmt" count="0"/>
        <line num="553" type="method" name="regexp" crap="2" count="0"/>
        <line num="555" type="stmt" count="0"/>
        <line num="557" type="stmt" count="0"/>
        <line num="559" type="stmt" count="0"/>
        <line num="570" type="method" name="commonTerm" crap="2" count="0"/>
        <line num="572" type="stmt" count="0"/>
        <line num="574" type="stmt" count="0"/>
        <line num="576" type="stmt" count="0"/>
        <line num="587" type="method" name="fuzzy" crap="2" count="0"/>
        <line num="589" type="stmt" count="0"/>
        <line num="591" type="stmt" count="0"/>
        <line num="593" type="stmt" count="0"/>
        <line num="605" type="method" name="nested" crap="2" count="0"/>
        <line num="607" type="stmt" count="0"/>
        <line num="609" type="stmt" count="0"/>
        <line num="611" type="stmt" count="0"/>
        <line num="613" type="stmt" count="0"/>
        <line num="615" type="stmt" count="0"/>
        <line num="617" type="stmt" count="0"/>
        <line num="627" type="method" name="aggregate" crap="2" count="0"/>
        <line num="629" type="stmt" count="0"/>
        <line num="631" type="stmt" count="0"/>
        <line num="633" type="stmt" count="0"/>
        <line num="643" type="method" name="suggest" crap="2" count="0"/>
        <line num="645" type="stmt" count="0"/>
        <line num="647" type="stmt" count="0"/>
        <line num="649" type="stmt" count="0"/>
        <line num="658" type="method" name="getRaw" crap="2" count="0"/>
        <line num="661" type="stmt" count="0"/>
        <line num="662" type="stmt" count="0"/>
        <line num="665" type="stmt" count="0"/>
        <line num="674" type="method" name="get" crap="6" count="0"/>
        <line num="676" type="stmt" count="0"/>
        <line num="678" type="stmt" count="0"/>
        <line num="680" type="stmt" count="0"/>
        <line num="681" type="stmt" count="0"/>
        <line num="684" type="stmt" count="0"/>
        <line num="693" type="method" name="paginate" crap="6" count="0"/>
        <line num="695" type="stmt" count="0"/>
        <line num="697" type="stmt" count="0"/>
        <line num="698" type="stmt" count="0"/>
        <line num="700" type="stmt" count="0"/>
        <line num="702" type="stmt" count="0"/>
        <line num="710" type="method" name="toDSL" crap="2" count="0"/>
        <line num="712" type="stmt" count="0"/>
        <line num="720" type="method" name="append" crap="6" count="0"/>
        <line num="722" type="stmt" count="0"/>
        <line num="723" type="stmt" count="0"/>
        <line num="725" type="stmt" count="0"/>
        <line num="727" type="stmt" count="0"/>
        <metrics loc="727" ncloc="426" classes="1" methods="41" coveredmethods="1" conditionals="0" coveredconditionals="0" statements="125" coveredstatements="3" elements="166" coveredelements="4"/>
      </file>
      <file name="/home/vagrant/Code/bowtie/krekib/plastic/src/DSL/SuggestionBuilder.php">
        <class name="SuggestionBuilder" namespace="Sleimanx2\Plastic\DSL">
          <metrics methods="6" coveredmethods="1" conditionals="0" coveredconditionals="0" statements="13" coveredstatements="3" elements="19" coveredelements="4"/>
        </class>
        <line num="31" type="method" name="__construct" crap="1" count="1"/>
        <line num="33" type="stmt" count="1"/>
        <line num="35" type="stmt" count="1"/>
        <line num="36" type="stmt" count="1"/>
        <line num="46" type="method" name="completion" crap="2" count="0"/>
        <line num="48" type="stmt" count="0"/>
        <line num="50" type="stmt" count="0"/>
        <line num="52" type="stmt" count="0"/>
        <line num="63" type="method" name="term" crap="2" count="0"/>
        <line num="65" type="stmt" count="0"/>
        <line num="67" type="stmt" count="0"/>
        <line num="69" type="stmt" count="0"/>
        <line num="77" type="method" name="toDSL" crap="2" count="0"/>
        <line num="79" type="stmt" count="0"/>
        <line num="87" type="method" name="get" crap="2" count="0"/>
        <line num="89" type="stmt" count="0"/>
        <line num="97" type="method" name="append" crap="2" count="0"/>
        <line num="99" type="stmt" count="0"/>
        <line num="100" type="stmt" count="0"/>
        <metrics loc="100" ncloc="54" classes="1" methods="6" coveredmethods="1" conditionals="0" coveredconditionals="0" statements="13" coveredstatements="3" elements="19" coveredelements="4"/>
      </file>
    </package>
    <package name="Sleimanx2\Plastic\Exception">
      <file name="/home/vagrant/Code/bowtie/krekib/plastic/src/Exception/InvalidArgumentException.php">
        <class name="InvalidArgumentException" namespace="Sleimanx2\Plastic\Exception">
          <metrics methods="0" coveredmethods="0" conditionals="0" coveredconditionals="0" statements="0" coveredstatements="0" elements="0" coveredelements="0"/>
        </class>
        <metrics loc="6" ncloc="6" classes="1" methods="0" coveredmethods="0" conditionals="0" coveredconditionals="0" statements="0" coveredstatements="0" elements="0" coveredelements="0"/>
      </file>
    </package>
    <package name="Sleimanx2\Plastic\Facades">
      <file name="/home/vagrant/Code/bowtie/krekib/plastic/src/Facades/Map.php">
        <class name="Map" namespace="Sleimanx2\Plastic\Facades">
          <metrics methods="1" coveredmethods="0" conditionals="0" coveredconditionals="0" statements="3" coveredstatements="0" elements="4" coveredelements="0"/>
        </class>
        <line num="13" type="method" name="getFacadeAccessor" crap="2" count="0"/>
        <line num="14" type="stmt" count="0"/>
        <line num="15" type="stmt" count="0"/>
        <line num="16" type="stmt" count="0"/>
        <metrics loc="16" ncloc="11" classes="1" methods="1" coveredmethods="0" conditionals="0" coveredconditionals="0" statements="3" coveredstatements="0" elements="4" coveredelements="0"/>
      </file>
      <file name="/home/vagrant/Code/bowtie/krekib/plastic/src/Facades/Plastic.php">
        <class name="Plastic" namespace="Sleimanx2\Plastic\Facades">
          <metrics methods="1" coveredmethods="0" conditionals="0" coveredconditionals="0" statements="3" coveredstatements="0" elements="4" coveredelements="0"/>
        </class>
        <line num="13" type="method" name="getFacadeAccessor" crap="2" count="0"/>
        <line num="14" type="stmt" count="0"/>
        <line num="15" type="stmt" count="0"/>
        <line num="16" type="stmt" count="0"/>
        <metrics loc="16" ncloc="11" classes="1" methods="1" coveredmethods="0" conditionals="0" coveredconditionals="0" statements="3" coveredstatements="0" elements="4" coveredelements="0"/>
      </file>
    </package>
    <package name="Sleimanx2\Plastic\Fillers">
      <file name="/home/vagrant/Code/bowtie/krekib/plastic/src/Fillers/EloquentFiller.php">
        <class name="EloquentFiller" namespace="Sleimanx2\Plastic\Fillers">
          <metrics methods="8" coveredmethods="0" conditionals="0" coveredconditionals="0" statements="75" coveredstatements="0" elements="83" coveredelements="0"/>
        </class>
        <line num="20" type="method" name="fill" crap="2" count="0"/>
        <line num="21" type="stmt" count="0"/>
        <line num="23" type="stmt" count="0"/>
        <line num="24" type="stmt" count="0"/>
        <line num="26" type="stmt" count="0"/>
        <line num="27" type="stmt" count="0"/>
        <line num="38" type="method" name="fillModel" crap="42" count="0"/>
        <line num="39" type="stmt" count="0"/>
        <line num="40" type="stmt" count="0"/>
        <line num="42" type="stmt" count="0"/>
        <line num="44" type="stmt" count="0"/>
        <line num="45" type="stmt" count="0"/>
        <line num="46" type="stmt" count="0"/>
        <line num="49" type="stmt" count="0"/>
        <line num="50" type="stmt" count="0"/>
        <line num="51" type="stmt" count="0"/>
        <line num="52" type="stmt" count="0"/>
        <line num="53" type="stmt" count="0"/>
        <line num="55" type="stmt" count="0"/>
        <line num="58" type="stmt" count="0"/>
        <line num="61" type="stmt" count="0"/>
        <line num="63" type="stmt" count="0"/>
        <line num="64" type="stmt" count="0"/>
        <line num="65" type="stmt" count="0"/>
        <line num="67" type="stmt" count="0"/>
        <line num="68" type="stmt" count="0"/>
        <line num="78" type="method" name="newFromBuilderRecursive" crap="2" count="0"/>
        <line num="79" type="stmt" count="0"/>
        <line num="80" type="stmt" count="0"/>
        <line num="81" type="stmt" count="0"/>
        <line num="84" type="stmt" count="0"/>
        <line num="87" type="stmt" count="0"/>
        <line num="89" type="stmt" count="0"/>
        <line num="90" type="stmt" count="0"/>
        <line num="97" type="method" name="loadRelationsAttributesRecursive" crap="56" count="0"/>
        <line num="98" type="stmt" count="0"/>
        <line num="99" type="stmt" count="0"/>
        <line num="101" type="stmt" count="0"/>
        <line num="103" type="stmt" count="0"/>
        <line num="105" type="stmt" count="0"/>
        <line num="107" type="stmt" count="0"/>
        <line num="109" type="stmt" count="0"/>
        <line num="111" type="stmt" count="0"/>
        <line num="114" type="stmt" count="0"/>
        <line num="115" type="stmt" count="0"/>
        <line num="116" type="stmt" count="0"/>
        <line num="118" type="stmt" count="0"/>
        <line num="121" type="stmt" count="0"/>
        <line num="123" type="stmt" count="0"/>
        <line num="124" type="stmt" count="0"/>
        <line num="125" type="stmt" count="0"/>
        <line num="127" type="stmt" count="0"/>
        <line num="128" type="stmt" count="0"/>
        <line num="129" type="stmt" count="0"/>
        <line num="130" type="stmt" count="0"/>
        <line num="131" type="stmt" count="0"/>
        <line num="132" type="stmt" count="0"/>
        <line num="142" type="method" name="hydrateRecursive" crap="2" count="0"/>
        <line num="143" type="stmt" count="0"/>
        <line num="144" type="stmt" count="0"/>
        <line num="146" type="method" name="anonymous function" crap="2" count="0"/>
        <line num="147" type="stmt" count="0"/>
        <line num="148" type="stmt" count="0"/>
        <line num="150" type="stmt" count="0"/>
        <line num="151" type="stmt" count="0"/>
        <line num="160" type="method" name="loadPivotAttribute" crap="12" count="0"/>
        <line num="161" type="stmt" count="0"/>
        <line num="162" type="stmt" count="0"/>
        <line num="163" type="stmt" count="0"/>
        <line num="164" type="stmt" count="0"/>
        <line num="165" type="stmt" count="0"/>
        <line num="166" type="stmt" count="0"/>
        <line num="167" type="stmt" count="0"/>
        <line num="168" type="stmt" count="0"/>
        <line num="169" type="stmt" count="0"/>
        <line num="170" type="stmt" count="0"/>
        <line num="180" type="method" name="isMultiLevelArray" crap="12" count="0"/>
        <line num="181" type="stmt" count="0"/>
        <line num="182" type="stmt" count="0"/>
        <line num="183" type="stmt" count="0"/>
        <line num="184" type="stmt" count="0"/>
        <line num="185" type="stmt" count="0"/>
        <line num="186" type="stmt" count="0"/>
        <line num="188" type="stmt" count="0"/>
        <line num="189" type="stmt" count="0"/>
        <metrics loc="189" ncloc="118" classes="1" methods="8" coveredmethods="0" conditionals="0" coveredconditionals="0" statements="77" coveredstatements="0" elements="85" coveredelements="0"/>
      </file>
    </package>
    <file name="/home/vagrant/Code/bowtie/krekib/plastic/src/Fillers/FillerInterface.php">
      <metrics loc="17" ncloc="10" classes="0" methods="0" coveredmethods="0" conditionals="0" coveredconditionals="0" statements="0" coveredstatements="0" elements="0" coveredelements="0"/>
    </file>
    <package name="Sleimanx2\Plastic\Map">
      <file name="/home/vagrant/Code/bowtie/krekib/plastic/src/Map/Blueprint.php">
        <class name="Blueprint" namespace="Sleimanx2\Plastic\Map">
          <metrics methods="25" coveredmethods="23" conditionals="0" coveredconditionals="0" statements="40" coveredstatements="38" elements="65" coveredelements="61"/>
        </class>
        <line num="38" type="method" name="__construct" crap="2.06" count="19"/>
        <line num="40" type="stmt" count="19"/>
        <line num="42" type="stmt" count="19"/>
        <line num="43" type="stmt" count="0"/>
        <line num="45" type="stmt" count="19"/>
        <line num="54" type="method" name="build" crap="1" count="2"/>
        <line num="57" type="stmt" count="2"/>
        <line num="59" type="stmt" count="2"/>
        <line num="63" type="stmt" count="2"/>
        <line num="68" type="stmt" count="2"/>
        <line num="76" type="method" name="create" crap="1" count="18"/>
        <line num="78" type="stmt" count="18"/>
        <line num="88" type="method" name="string" crap="1" count="2"/>
        <line num="90" type="stmt" count="2"/>
        <line num="100" type="method" name="date" crap="1" count="1"/>
        <line num="102" type="stmt" count="1"/>
        <line num="112" type="method" name="long" crap="1" count="1"/>
        <line num="114" type="stmt" count="1"/>
        <line num="124" type="method" name="integer" crap="1" count="1"/>
        <line num="126" type="stmt" count="1"/>
        <line num="136" type="method" name="short" crap="1" count="1"/>
        <line num="138" type="stmt" count="1"/>
        <line num="148" type="method" name="byte" crap="1" count="1"/>
        <line num="150" type="stmt" count="1"/>
        <line num="160" type="method" name="double" crap="1" count="1"/>
        <line num="162" type="stmt" count="1"/>
        <line num="172" type="method" name="binary" crap="1" count="1"/>
        <line num="174" type="stmt" count="1"/>
        <line num="184" type="method" name="float" crap="1" count="1"/>
        <line num="186" type="stmt" count="1"/>
        <line num="196" type="method" name="boolean" crap="1" count="1"/>
        <line num="198" type="stmt" count="1"/>
        <line num="208" type="method" name="point" crap="1" count="2"/>
        <line num="210" type="stmt" count="2"/>
        <line num="220" type="method" name="shape" crap="1" count="1"/>
        <line num="222" type="stmt" count="1"/>
        <line num="232" type="method" name="ip" crap="1" count="2"/>
        <line num="234" type="stmt" count="2"/>
        <line num="244" type="method" name="completion" crap="1" count="1"/>
        <line num="246" type="stmt" count="1"/>
        <line num="257" type="method" name="tokenCount" crap="1" count="1"/>
        <line num="259" type="stmt" count="1"/>
        <line num="269" type="method" name="nested" crap="1" count="1"/>
        <line num="271" type="stmt" count="1"/>
        <line num="282" type="method" name="addField" crap="1" count="18"/>
        <line num="284" type="stmt" count="18"/>
        <line num="286" type="stmt" count="18"/>
        <line num="288" type="stmt" count="18"/>
        <line num="296" type="method" name="getFields" crap="1" count="18"/>
        <line num="298" type="stmt" count="18"/>
        <line num="306" type="method" name="getCommands" crap="2" count="0"/>
        <line num="308" type="stmt" count="0"/>
        <line num="318" type="method" name="addCommand" crap="1" count="18"/>
        <line num="320" type="stmt" count="18"/>
        <line num="322" type="stmt" count="18"/>
        <line num="332" type="method" name="createCommand" crap="1" count="18"/>
        <line num="334" type="stmt" count="18"/>
        <line num="344" type="method" name="toDSL" crap="4" count="18"/>
        <line num="346" type="stmt" count="18"/>
        <line num="351" type="stmt" count="18"/>
        <line num="352" type="stmt" count="18"/>
        <line num="354" type="stmt" count="18"/>
        <line num="356" type="stmt" count="18"/>
        <line num="357" type="stmt" count="18"/>
        <line num="362" type="stmt" count="18"/>
        <metrics loc="364" ncloc="175" classes="1" methods="25" coveredmethods="23" conditionals="0" coveredconditionals="0" statements="40" coveredstatements="38" elements="65" coveredelements="61"/>
      </file>
      <file name="/home/vagrant/Code/bowtie/krekib/plastic/src/Map/Builder.php">
        <class name="Builder" namespace="Sleimanx2\Plastic\Map">
          <metrics methods="5" coveredmethods="2" conditionals="0" coveredconditionals="0" statements="17" coveredstatements="13" elements="22" coveredelements="15"/>
        </class>
        <line num="38" type="method" name="__construct" crap="1" count="2"/>
        <line num="40" type="stmt" count="2"/>
        <line num="41" type="stmt" count="2"/>
        <line num="42" type="stmt" count="2"/>
        <line num="50" type="method" name="create" crap="2.01" count="1"/>
        <line num="52" type="stmt" count="1"/>
        <line num="53" type="stmt" count="0"/>
        <line num="56" type="stmt" count="1"/>
        <line num="58" type="stmt" count="1"/>
        <line num="60" type="stmt" count="1"/>
        <line num="62" type="stmt" count="1"/>
        <line num="63" type="stmt" count="1"/>
        <line num="70" type="method" name="build" crap="1" count="1"/>
        <line num="72" type="stmt" count="1"/>
        <line num="73" type="stmt" count="1"/>
        <line num="82" type="method" name="createBlueprint" crap="2.15" count="1"/>
        <line num="84" type="stmt" count="1"/>
        <line num="85" type="stmt" count="0"/>
        <line num="88" type="stmt" count="1"/>
        <line num="97" type="method" name="blueprintResolver" crap="2" count="0"/>
        <line num="99" type="stmt" count="0"/>
        <line num="100" type="stmt" count="0"/>
        <metrics loc="101" ncloc="57" classes="1" methods="5" coveredmethods="2" conditionals="0" coveredconditionals="0" statements="17" coveredstatements="13" elements="22" coveredelements="15"/>
      </file>
      <file name="/home/vagrant/Code/bowtie/krekib/plastic/src/Map/Grammar.php">
        <class name="Grammar" namespace="Sleimanx2\Plastic\Map">
          <metrics methods="20" coveredmethods="20" conditionals="0" coveredconditionals="0" statements="115" coveredstatements="115" elements="135" coveredelements="135"/>
        </class>
        <line num="15" type="method" name="compileCreate" crap="1" count="17"/>
        <line num="17" type="stmt" count="17"/>
        <line num="19" type="stmt" count="17"/>
        <line num="21" type="stmt" count="17"/>
        <line num="30" type="method" name="compileInteger" crap="1" count="1"/>
        <line num="32" type="stmt" count="1"/>
        <line num="41" type="method" name="compileLong" crap="1" count="1"/>
        <line num="43" type="stmt" count="1"/>
        <line num="52" type="method" name="compileShort" crap="1" count="1"/>
        <line num="54" type="stmt" count="1"/>
        <line num="63" type="method" name="compileByte" crap="1" count="1"/>
        <line num="65" type="stmt" count="1"/>
        <line num="74" type="method" name="compileDouble" crap="1" count="1"/>
        <line num="76" type="stmt" count="1"/>
        <line num="85" type="method" name="compileBinary" crap="1" count="1"/>
        <line num="88" type="stmt" count="1"/>
        <line num="89" type="stmt" count="1"/>
        <line num="90" type="stmt" count="1"/>
        <line num="93" type="stmt" count="1"/>
        <line num="103" type="method" name="compileFloat" crap="1" count="1"/>
        <line num="105" type="stmt" count="1"/>
        <line num="114" type="method" name="compileDate" crap="1" count="1"/>
        <line num="117" type="stmt" count="1"/>
        <line num="118" type="stmt" count="1"/>
        <line num="119" type="stmt" count="1"/>
        <line num="120" type="stmt" count="1"/>
        <line num="121" type="stmt" count="1"/>
        <line num="122" type="stmt" count="1"/>
        <line num="123" type="stmt" count="1"/>
        <line num="124" type="stmt" count="1"/>
        <line num="125" type="stmt" count="1"/>
        <line num="126" type="stmt" count="1"/>
        <line num="129" type="stmt" count="1"/>
        <line num="138" type="method" name="compileBoolean" crap="1" count="1"/>
        <line num="141" type="stmt" count="1"/>
        <line num="142" type="stmt" count="1"/>
        <line num="143" type="stmt" count="1"/>
        <line num="144" type="stmt" count="1"/>
        <line num="145" type="stmt" count="1"/>
        <line num="146" type="stmt" count="1"/>
        <line num="149" type="stmt" count="1"/>
        <line num="158" type="method" name="compilePoint" crap="1" count="1"/>
        <line num="161" type="stmt" count="1"/>
        <line num="162" type="stmt" count="1"/>
        <line num="163" type="stmt" count="1"/>
        <line num="164" type="stmt" count="1"/>
        <line num="165" type="stmt" count="1"/>
        <line num="166" type="stmt" count="1"/>
        <line num="167" type="stmt" count="1"/>
        <line num="170" type="stmt" count="1"/>
        <line num="179" type="method" name="compileShape" crap="1" count="1"/>
        <line num="182" type="stmt" count="1"/>
        <line num="183" type="stmt" count="1"/>
        <line num="184" type="stmt" count="1"/>
        <line num="185" type="stmt" count="1"/>
        <line num="186" type="stmt" count="1"/>
        <line num="187" type="stmt" count="1"/>
        <line num="188" type="stmt" count="1"/>
        <line num="189" type="stmt" count="1"/>
        <line num="192" type="stmt" count="1"/>
        <line num="201" type="method" name="compileIp" crap="1" count="2"/>
        <line num="204" type="stmt" count="2"/>
        <line num="205" type="stmt" count="2"/>
        <line num="206" type="stmt" count="2"/>
        <line num="207" type="stmt" count="2"/>
        <line num="208" type="stmt" count="2"/>
        <line num="209" type="stmt" count="2"/>
        <line num="210" type="stmt" count="2"/>
        <line num="211" type="stmt" count="2"/>
        <line num="214" type="stmt" count="2"/>
        <line num="223" type="method" name="compileCompletion" crap="1" count="1"/>
        <line num="226" type="stmt" count="1"/>
        <line num="227" type="stmt" count="1"/>
        <line num="228" type="stmt" count="1"/>
        <line num="229" type="stmt" count="1"/>
        <line num="230" type="stmt" count="1"/>
        <line num="231" type="stmt" count="1"/>
        <line num="234" type="stmt" count="1"/>
        <line num="244" type="method" name="compileToken_count" crap="1" count="1"/>
        <line num="247" type="stmt" count="1"/>
        <line num="248" type="stmt" count="1"/>
        <line num="249" type="stmt" count="1"/>
        <line num="250" type="stmt" count="1"/>
        <line num="251" type="stmt" count="1"/>
        <line num="252" type="stmt" count="1"/>
        <line num="253" type="stmt" count="1"/>
        <line num="254" type="stmt" count="1"/>
        <line num="257" type="stmt" count="1"/>
        <line num="266" type="method" name="compileString" crap="1" count="2"/>
        <line num="269" type="stmt" count="2"/>
        <line num="270" type="stmt" count="2"/>
        <line num="271" type="stmt" count="2"/>
        <line num="272" type="stmt" count="2"/>
        <line num="273" type="stmt" count="2"/>
        <line num="274" type="stmt" count="2"/>
        <line num="275" type="stmt" count="2"/>
        <line num="276" type="stmt" count="2"/>
        <line num="277" type="stmt" count="2"/>
        <line num="278" type="stmt" count="2"/>
        <line num="279" type="stmt" count="2"/>
        <line num="280" type="stmt" count="2"/>
        <line num="281" type="stmt" count="2"/>
        <line num="282" type="stmt" count="2"/>
        <line num="283" type="stmt" count="2"/>
        <line num="284" type="stmt" count="2"/>
        <line num="285" type="stmt" count="2"/>
        <line num="288" type="stmt" count="2"/>
        <line num="298" type="method" name="compileNumeric" crap="1" count="6"/>
        <line num="301" type="stmt" count="6"/>
        <line num="302" type="stmt" count="6"/>
        <line num="303" type="stmt" count="6"/>
        <line num="304" type="stmt" count="6"/>
        <line num="305" type="stmt" count="6"/>
        <line num="306" type="stmt" count="6"/>
        <line num="307" type="stmt" count="6"/>
        <line num="308" type="stmt" count="6"/>
        <line num="309" type="stmt" count="6"/>
        <line num="312" type="stmt" count="6"/>
        <line num="321" type="method" name="compileNested" crap="2" count="1"/>
        <line num="323" type="stmt" count="1"/>
        <line num="326" type="stmt" count="1"/>
        <line num="328" type="stmt" count="1"/>
        <line num="329" type="stmt" count="1"/>
        <line num="333" type="stmt" count="1"/>
        <line num="334" type="stmt" count="1"/>
        <line num="344" type="method" name="formatMap" crap="1" count="17"/>
        <line num="346" type="stmt" count="17"/>
        <line num="355" type="method" name="compileFields" crap="4" count="17"/>
        <line num="357" type="stmt" count="17"/>
        <line num="359" type="stmt" count="17"/>
        <line num="361" type="stmt" count="17"/>
        <line num="363" type="stmt" count="17"/>
        <line num="364" type="stmt" count="17"/>
        <line num="365" type="stmt" count="17"/>
        <line num="370" type="stmt" count="17"/>
        <metrics loc="373" ncloc="251" classes="1" methods="20" coveredmethods="20" conditionals="0" coveredconditionals="0" statements="115" coveredstatements="115" elements="135" coveredelements="135"/>
      </file>
    </package>
    <package name="Sleimanx2\Plastic\Mappings">
      <file name="/home/vagrant/Code/bowtie/krekib/plastic/src/Mappings/Creator.php">
        <class name="Creator" namespace="Sleimanx2\Plastic\Mappings">
          <metrics methods="10" coveredmethods="8" conditionals="0" coveredconditionals="0" statements="21" coveredstatements="18" elements="31" coveredelements="26"/>
        </class>
        <line num="30" type="method" name="__construct" crap="1" count="1"/>
        <line num="32" type="stmt" count="1"/>
        <line num="33" type="stmt" count="1"/>
        <line num="42" type="method" name="create" crap="1" count="1"/>
        <line num="44" type="stmt" count="1"/>
        <line num="46" type="stmt" count="1"/>
        <line num="48" type="stmt" count="1"/>
        <line num="50" type="stmt" count="1"/>
        <line num="52" type="stmt" count="1"/>
        <line num="61" type="method" name="getStubPath" crap="1" count="1"/>
        <line num="63" type="stmt" count="1"/>
        <line num="72" type="method" name="getStub" crap="1" count="1"/>
        <line num="74" type="stmt" count="1"/>
        <line num="84" type="method" name="populateStub" crap="1" count="1"/>
        <line num="86" type="stmt" count="1"/>
        <line num="88" type="stmt" count="1"/>
        <line num="90" type="stmt" count="1"/>
        <line num="99" type="method" name="getClassName" crap="1" count="1"/>
        <line num="101" type="stmt" count="1"/>
        <line num="109" type="method" name="firePostCreateHooks" crap="2.15" count="1"/>
        <line num="111" type="stmt" count="1"/>
        <line num="112" type="stmt" count="0"/>
        <line num="114" type="stmt" count="1"/>
        <line num="122" type="method" name="afterCreate" crap="2" count="0"/>
        <line num="124" type="stmt" count="0"/>
        <line num="125" type="stmt" count="0"/>
        <line num="132" type="method" name="getFilesystem" crap="1" count="1"/>
        <line num="134" type="stmt" count="1"/>
        <line num="144" type="method" name="getPath" crap="1" count="1"/>
        <line num="146" type="stmt" count="1"/>
        <line num="148" type="stmt" count="1"/>
        <metrics loc="151" ncloc="82" classes="1" methods="10" coveredmethods="8" conditionals="0" coveredconditionals="0" statements="21" coveredstatements="18" elements="31" coveredelements="26"/>
      </file>
      <file name="/home/vagrant/Code/bowtie/krekib/plastic/src/Mappings/Mapper.php">
        <class name="Mapper" namespace="Sleimanx2\Plastic\Mappings">
          <metrics methods="14" coveredmethods="8" conditionals="0" coveredconditionals="0" statements="42" coveredstatements="33" elements="56" coveredelements="41"/>
        </class>
        <line num="34" type="method" name="__construct" crap="1" count="1"/>
        <line num="36" type="stmt" count="1"/>
        <line num="37" type="stmt" count="1"/>
        <line num="38" type="stmt" count="1"/>
        <line num="41" type="method" name="run" crap="1" count="1"/>
        <line num="44" type="stmt" count="1"/>
        <line num="46" type="stmt" count="1"/>
        <line num="48" type="stmt" count="1"/>
        <line num="50" type="stmt" count="1"/>
        <line num="52" type="stmt" count="1"/>
        <line num="54" type="stmt" count="1"/>
        <line num="62" type="method" name="runMappingList" crap="4.13" count="1"/>
        <line num="66" type="stmt" count="1"/>
        <line num="67" type="stmt" count="0"/>
        <line num="69" type="stmt" count="0"/>
        <line num="72" type="stmt" count="1"/>
        <line num="74" type="stmt" count="1"/>
        <line num="76" type="stmt" count="1"/>
        <line num="77" type="stmt" count="1"/>
        <line num="79" type="stmt" count="1"/>
        <line num="80" type="stmt" count="1"/>
        <line num="83" type="stmt" count="1"/>
        <line num="92" type="method" name="runMap" crap="1" count="1"/>
        <line num="94" type="stmt" count="1"/>
        <line num="96" type="stmt" count="1"/>
        <line num="98" type="stmt" count="1"/>
        <line num="100" type="stmt" count="1"/>
        <line num="101" type="stmt" count="1"/>
        <line num="110" type="method" name="resolve" crap="2" count="0"/>
        <line num="112" type="stmt" count="0"/>
        <line num="114" type="stmt" count="0"/>
        <line num="123" type="method" name="getMappingFiles" crap="2.15" count="1"/>
        <line num="125" type="stmt" count="1"/>
        <line num="127" type="stmt" count="1"/>
        <line num="128" type="stmt" count="0"/>
        <line num="131" type="method" name="anonymous function" crap="1" count="1"/>
        <line num="132" type="stmt" count="1"/>
        <line num="133" type="stmt" count="1"/>
        <line num="135" type="stmt" count="1"/>
        <line num="144" type="method" name="requireFiles" crap="2" count="1"/>
        <line num="146" type="stmt" count="1"/>
        <line num="147" type="stmt" count="1"/>
        <line num="149" type="stmt" count="1"/>
        <line num="157" type="method" name="repositoryExists" crap="2" count="0"/>
        <line num="159" type="stmt" count="0"/>
        <line num="168" type="method" name="setConnection" crap="2" count="0"/>
        <line num="170" type="stmt" count="0"/>
        <line num="171" type="stmt" count="0"/>
        <line num="178" type="method" name="getNotes" crap="2" count="0"/>
        <line num="180" type="stmt" count="0"/>
        <line num="188" type="method" name="getRepository" crap="1" count="1"/>
        <line num="190" type="stmt" count="1"/>
        <line num="198" type="method" name="getFilesystem" crap="1" count="1"/>
        <line num="200" type="stmt" count="1"/>
        <line num="208" type="method" name="note" crap="1" count="1"/>
        <line num="210" type="stmt" count="1"/>
        <line num="211" type="stmt" count="1"/>
        <metrics loc="211" ncloc="129" classes="1" methods="14" coveredmethods="8" conditionals="0" coveredconditionals="0" statements="43" coveredstatements="34" elements="57" coveredelements="42"/>
      </file>
      <file name="/home/vagrant/Code/bowtie/krekib/plastic/src/Mappings/Mapping.php">
        <class name="Mapping" namespace="Sleimanx2\Plastic\Mappings">
          <metrics methods="2" coveredmethods="0" conditionals="0" coveredconditionals="0" statements="11" coveredstatements="0" elements="13" coveredelements="0"/>
        </class>
        <line num="21" type="method" name="__construct" crap="2" count="0"/>
        <line num="22" type="stmt" count="0"/>
        <line num="23" type="stmt" count="0"/>
        <line num="24" type="stmt" count="0"/>
        <line num="29" type="method" name="prepareModel" crap="6" count="0"/>
        <line num="30" type="stmt" count="0"/>
        <line num="31" type="stmt" count="0"/>
        <line num="33" type="stmt" count="0"/>
        <line num="35" type="stmt" count="0"/>
        <line num="36" type="stmt" count="0"/>
        <line num="37" type="stmt" count="0"/>
        <line num="39" type="stmt" count="0"/>
        <line num="40" type="stmt" count="0"/>
        <metrics loc="40" ncloc="29" classes="1" methods="2" coveredmethods="0" conditionals="0" coveredconditionals="0" statements="11" coveredstatements="0" elements="13" coveredelements="0"/>
      </file>
      <file name="/home/vagrant/Code/bowtie/krekib/plastic/src/Mappings/Mappings.php">
        <class name="Mappings" namespace="Sleimanx2\Plastic\Mappings" fullPackage="Sleimanx2" package="Sleimanx2">
          <metrics methods="15" coveredmethods="0" conditionals="0" coveredconditionals="0" statements="26" coveredstatements="0" elements="41" coveredelements="0"/>
        </class>
        <line num="40" type="method" name="__construct" crap="2" count="0"/>
        <line num="42" type="stmt" count="0"/>
        <line num="43" type="stmt" count="0"/>
        <line num="44" type="stmt" count="0"/>
        <line num="51" type="method" name="getRan" crap="2" count="0"/>
        <line num="53" type="stmt" count="0"/>
        <line num="54" type="stmt" count="0"/>
        <line num="55" type="stmt" count="0"/>
        <line num="56" type="stmt" count="0"/>
        <line num="64" type="method" name="getLast" crap="2" count="0"/>
        <line num="66" type="stmt" count="0"/>
        <line num="68" type="stmt" count="0"/>
        <line num="77" type="method" name="log" crap="2" count="0"/>
        <line num="79" type="stmt" count="0"/>
        <line num="81" type="stmt" count="0"/>
        <line num="82" type="stmt" count="0"/>
        <line num="89" type="method" name="delete" crap="2" count="0"/>
        <line num="91" type="stmt" count="0"/>
        <line num="92" type="stmt" count="0"/>
        <line num="97" type="method" name="reset" crap="2" count="0"/>
        <line num="99" type="stmt" count="0"/>
        <line num="100" type="stmt" count="0"/>
        <line num="107" type="method" name="getNextBatchNumber" crap="2" count="0"/>
        <line num="109" type="stmt" count="0"/>
        <line num="117" type="method" name="getLastBatchNumber" crap="2" count="0"/>
        <line num="119" type="stmt" count="0"/>
        <line num="127" type="method" name="anonymous function" crap="2" count="0"/>
        <line num="135" type="stmt" count="0"/>
        <line num="136" type="stmt" count="0"/>
        <line num="143" type="method" name="exits" crap="2" count="0"/>
        <line num="145" type="stmt" count="0"/>
        <line num="153" type="method" name="schema" crap="2" count="0"/>
        <line num="155" type="stmt" count="0"/>
        <line num="163" type="method" name="table" crap="2" count="0"/>
        <line num="165" type="stmt" count="0"/>
        <line num="173" type="method" name="getConnection" crap="2" count="0"/>
        <line num="175" type="stmt" count="0"/>
        <line num="183" type="method" name="getConnectionResolver" crap="2" count="0"/>
        <line num="185" type="stmt" count="0"/>
        <line num="194" type="method" name="setSource" crap="2" count="0"/>
        <line num="196" type="stmt" count="0"/>
        <line num="197" type="stmt" count="0"/>
        <metrics loc="197" ncloc="97" classes="1" methods="15" coveredmethods="0" conditionals="0" coveredconditionals="0" statements="27" coveredstatements="0" elements="42" coveredelements="0"/>
      </file>
    </package>
    <package name="Sleimanx2\Plastic\Persistence">
      <file name="/home/vagrant/Code/bowtie/krekib/plastic/src/Persistence/EloquentPersistence.php">
        <class name="EloquentPersistence" namespace="Sleimanx2\Plastic\Persistence">
          <metrics methods="5" coveredmethods="0" conditionals="0" coveredconditionals="0" statements="34" coveredstatements="0" elements="39" coveredelements="0"/>
        </class>
        <line num="14" type="method" name="save" crap="6" count="0"/>
        <line num="16" type="stmt" count="0"/>
        <line num="17" type="stmt" count="0"/>
        <line num="19" type="stmt" count="0"/>
        <line num="22" type="stmt" count="0"/>
        <line num="23" type="stmt" count="0"/>
        <line num="24" type="stmt" count="0"/>
        <line num="27" type="stmt" count="0"/>
        <line num="36" type="method" name="update" crap="6" count="0"/>
        <line num="38" type="stmt" count="0"/>
        <line num="39" type="stmt" count="0"/>
        <line num="42" type="stmt" count="0"/>
        <line num="45" type="stmt" count="0"/>
        <line num="46" type="stmt" count="0"/>
        <line num="48" type="stmt" count="0"/>
        <line num="52" type="stmt" count="0"/>
        <line num="61" type="method" name="delete" crap="6" count="0"/>
        <line num="63" type="stmt" count="0"/>
        <line num="64" type="stmt" count="0"/>
        <line num="68" type="stmt" count="0"/>
        <line num="69" type="stmt" count="0"/>
        <line num="72" type="stmt" count="0"/>
        <line num="81" type="method" name="bulkSave" crap="6" count="0"/>
        <line num="83" type="stmt" count="0"/>
        <line num="85" type="stmt" count="0"/>
        <line num="86" type="stmt" count="0"/>
        <line num="88" type="stmt" count="0"/>
        <line num="89" type="stmt" count="0"/>
        <line num="90" type="stmt" count="0"/>
        <line num="93" type="stmt" count="0"/>
        <line num="96" type="stmt" count="0"/>
        <line num="105" type="method" name="bulkDelete" crap="6" count="0"/>
        <line num="107" type="stmt" count="0"/>
        <line num="109" type="stmt" count="0"/>
        <line num="110" type="stmt" count="0"/>
        <line num="112" type="stmt" count="0"/>
        <line num="113" type="stmt" count="0"/>
        <line num="114" type="stmt" count="0"/>
        <line num="119" type="stmt" count="0"/>
        <metrics loc="120" ncloc="90" classes="1" methods="5" coveredmethods="0" conditionals="0" coveredconditionals="0" statements="34" coveredstatements="0" elements="39" coveredelements="0"/>
      </file>
      <file name="/home/vagrant/Code/bowtie/krekib/plastic/src/Persistence/PersistenceAbstract.php">
        <class name="PersistenceAbstract" namespace="Sleimanx2\Plastic\Persistence">
          <metrics methods="2" coveredmethods="1" conditionals="0" coveredconditionals="0" statements="5" coveredstatements="3" elements="7" coveredelements="4"/>
        </class>
        <line num="23" type="method" name="__construct" crap="1" count="1"/>
        <line num="25" type="stmt" count="1"/>
        <line num="26" type="stmt" count="1"/>
        <line num="27" type="stmt" count="1"/>
        <line num="72" type="method" name="reindex" crap="2" count="0"/>
        <line num="74" type="stmt" count="0"/>
        <line num="76" type="stmt" count="0"/>
        <metrics loc="77" ncloc="35" classes="1" methods="2" coveredmethods="1" conditionals="0" coveredconditionals="0" statements="5" coveredstatements="3" elements="7" coveredelements="4"/>
      </file>
    </package>
    <file name="/home/vagrant/Code/bowtie/krekib/plastic/src/Resources/config.php">
      <line num="2" type="stmt" count="0"/>
      <line num="12" type="stmt" count="0"/>
      <line num="17" type="stmt" count="0"/>
      <line num="28" type="stmt" count="0"/>
      <line num="39" type="stmt" count="0"/>
      <line num="52" type="stmt" count="0"/>
      <line num="53" type="stmt" count="0"/>
      <line num="54" type="stmt" count="0"/>
      <line num="55" type="stmt" count="0"/>
      <line num="56" type="stmt" count="0"/>
      <line num="57" type="stmt" count="0"/>
      <line num="67" type="stmt" count="0"/>
      <line num="69" type="stmt" count="0"/>
      <metrics loc="68" ncloc="20" classes="0" methods="0" coveredmethods="0" conditionals="0" coveredconditionals="0" statements="12" coveredstatements="0" elements="12" coveredelements="0"/>
    </file>
    <metrics files="30" loc="4286" ncloc="2499" classes="28" methods="243" coveredmethods="81" conditionals="0" coveredconditionals="0" statements="925" coveredstatements="252" elements="1168" coveredelements="333"/>
  </project>
</coverage>
