<?xml version="1.0" encoding="UTF-8"?>
<testsuites>
  <testsuite name="Package Test Suite" tests="36" assertions="61" failures="0" errors="0" time="0.510449">
    <testsuite name="MapBlueprintTest" file="/home/vagrant/Code/bowtie/krekib/plastic/tests/Map/MapBlueprintTest.php" tests="2" assertions="8" failures="0" errors="0" time="0.122664">
      <testcase name="it_execute_a_map_statement_from_blueprint" class="MapBlueprintTest" file="/home/vagrant/Code/bowtie/krekib/plastic/tests/Map/MapBlueprintTest.php" line="9" assertions="2" time="0.118282"/>
      <testcase name="it_adds_fields_with_attribute_to_the_fields_property" class="MapBlueprintTest" file="/home/vagrant/Code/bowtie/krekib/plastic/tests/Map/MapBlueprintTest.php" line="29" assertions="6" time="0.004382"/>
    </testsuite>
    <testsuite name="MapBuilderTest" file="/home/vagrant/Code/bowtie/krekib/plastic/tests/Map/MapBuilderTest.php" tests="1" assertions="1" failures="0" errors="0" time="0.007566">
      <testcase name="it_creates_a_map_from_blueprint" class="MapBuilderTest" file="/home/vagrant/Code/bowtie/krekib/plastic/tests/Map/MapBuilderTest.php" line="8" assertions="1" time="0.007566"/>
    </testsuite>
    <testsuite name="MapGrammarTest" file="/home/vagrant/Code/bowtie/krekib/plastic/tests/Map/MapGrammarTest.php" tests="16" assertions="16" failures="0" errors="0" time="0.051869">
      <testcase name="it_adds_an_integer_map" class="MapGrammarTest" file="/home/vagrant/Code/bowtie/krekib/plastic/tests/Map/MapGrammarTest.php" line="11" assertions="1" time="0.002423"/>
      <testcase name="it_adds_a_long_map" class="MapGrammarTest" file="/home/vagrant/Code/bowtie/krekib/plastic/tests/Map/MapGrammarTest.php" line="23" assertions="1" time="0.002508"/>
      <testcase name="it_adds_a_short_map" class="MapGrammarTest" file="/home/vagrant/Code/bowtie/krekib/plastic/tests/Map/MapGrammarTest.php" line="35" assertions="1" time="0.002467"/>
      <testcase name="it_adds_a_byte_map" class="MapGrammarTest" file="/home/vagrant/Code/bowtie/krekib/plastic/tests/Map/MapGrammarTest.php" line="47" assertions="1" time="0.002715"/>
      <testcase name="it_adds_a_double_map" class="MapGrammarTest" file="/home/vagrant/Code/bowtie/krekib/plastic/tests/Map/MapGrammarTest.php" line="59" assertions="1" time="0.002425"/>
      <testcase name="it_adds_a_binary_map" class="MapGrammarTest" file="/home/vagrant/Code/bowtie/krekib/plastic/tests/Map/MapGrammarTest.php" line="71" assertions="1" time="0.014230"/>
      <testcase name="it_adds_a_float_map" class="MapGrammarTest" file="/home/vagrant/Code/bowtie/krekib/plastic/tests/Map/MapGrammarTest.php" line="83" assertions="1" time="0.002465"/>
      <testcase name="it_adds_a_date_map" class="MapGrammarTest" file="/home/vagrant/Code/bowtie/krekib/plastic/tests/Map/MapGrammarTest.php" line="95" assertions="1" time="0.002350"/>
      <testcase name="it_adds_a_boolean_map" class="MapGrammarTest" file="/home/vagrant/Code/bowtie/krekib/plastic/tests/Map/MapGrammarTest.php" line="107" assertions="1" time="0.002340"/>
      <testcase name="it_adds_a_geo_point_map" class="MapGrammarTest" file="/home/vagrant/Code/bowtie/krekib/plastic/tests/Map/MapGrammarTest.php" line="119" assertions="1" time="0.002240"/>
      <testcase name="it_adds_a_geo_shape_map" class="MapGrammarTest" file="/home/vagrant/Code/bowtie/krekib/plastic/tests/Map/MapGrammarTest.php" line="131" assertions="1" time="0.002392"/>
      <testcase name="it_adds_an_ip_map" class="MapGrammarTest" file="/home/vagrant/Code/bowtie/krekib/plastic/tests/Map/MapGrammarTest.php" line="143" assertions="1" time="0.002304"/>
      <testcase name="it_adds_a_completion_map" class="MapGrammarTest" file="/home/vagrant/Code/bowtie/krekib/plastic/tests/Map/MapGrammarTest.php" line="155" assertions="1" time="0.002260"/>
      <testcase name="it_adds_a_token_count_map" class="MapGrammarTest" file="/home/vagrant/Code/bowtie/krekib/plastic/tests/Map/MapGrammarTest.php" line="167" assertions="1" time="0.002499"/>
      <testcase name="it_adds_a_string_map" class="MapGrammarTest" file="/home/vagrant/Code/bowtie/krekib/plastic/tests/Map/MapGrammarTest.php" line="179" assertions="1" time="0.002901"/>
      <testcase name="it_adds_a_nested_map" class="MapGrammarTest" file="/home/vagrant/Code/bowtie/krekib/plastic/tests/Map/MapGrammarTest.php" line="191" assertions="1" time="0.003349"/>
    </testsuite>
    <testsuite name="MappingCreatorTest" file="/home/vagrant/Code/bowtie/krekib/plastic/tests/Mappings/MappingCreatorTest.php" tests="1" assertions="2" failures="0" errors="0" time="0.017718">
      <testcase name="it_create_a_mapping_file" class="MappingCreatorTest" file="/home/vagrant/Code/bowtie/krekib/plastic/tests/Mappings/MappingCreatorTest.php" line="8" assertions="2" time="0.017718"/>
    </testsuite>
    <testsuite name="MappingMapperTest" file="/home/vagrant/Code/bowtie/krekib/plastic/tests/Mappings/MappingMapperTest.php" tests="1" assertions="11" failures="0" errors="0" time="0.081446">
      <testcase name="it_runs_remaining_mappings" class="MappingMapperTest" file="/home/vagrant/Code/bowtie/krekib/plastic/tests/Mappings/MappingMapperTest.php" line="9" assertions="11" time="0.081446"/>
    </testsuite>
    <testsuite name="PlasticConnectionTest" file="/home/vagrant/Code/bowtie/krekib/plastic/tests/PlasticConnectionTest.php" tests="15" assertions="23" failures="0" errors="0" time="0.229187">
      <testcase name="it_returns_a_map_builder" class="PlasticConnectionTest" file="/home/vagrant/Code/bowtie/krekib/plastic/tests/PlasticConnectionTest.php" line="8" assertions="1" time="0.035296"/>
      <testcase name="it_returns_a_map_grammar" class="PlasticConnectionTest" file="/home/vagrant/Code/bowtie/krekib/plastic/tests/PlasticConnectionTest.php" line="18" assertions="1" time="0.003134"/>
      <testcase name="it_returns_a_dsl_query" class="PlasticConnectionTest" file="/home/vagrant/Code/bowtie/krekib/plastic/tests/PlasticConnectionTest.php" line="28" assertions="1" time="0.016752"/>
      <testcase name="it_returns_an_elastic_search_client" class="PlasticConnectionTest" file="/home/vagrant/Code/bowtie/krekib/plastic/tests/PlasticConnectionTest.php" line="38" assertions="1" time="0.003228"/>
      <testcase name="it_returns_the_default_index" class="PlasticConnectionTest" file="/home/vagrant/Code/bowtie/krekib/plastic/tests/PlasticConnectionTest.php" line="48" assertions="1" time="0.003102"/>
      <testcase name="it_executes_a_map_statement_on_client" class="PlasticConnectionTest" file="/home/vagrant/Code/bowtie/krekib/plastic/tests/PlasticConnectionTest.php" line="58" assertions="3" time="0.099306"/>
      <testcase name="it_executes_a_search_statement_on_client" class="PlasticConnectionTest" file="/home/vagrant/Code/bowtie/krekib/plastic/tests/PlasticConnectionTest.php" line="73" assertions="2" time="0.008148"/>
      <testcase name="it_executes_a_suggest_statement_on_client" class="PlasticConnectionTest" file="/home/vagrant/Code/bowtie/krekib/plastic/tests/PlasticConnectionTest.php" line="88" assertions="2" time="0.008120"/>
      <testcase name="it_executes_a_index_statement_on_client" class="PlasticConnectionTest" file="/home/vagrant/Code/bowtie/krekib/plastic/tests/PlasticConnectionTest.php" line="103" assertions="2" time="0.008274"/>
      <testcase name="it_executes_an_update_statement_on_client" class="PlasticConnectionTest" file="/home/vagrant/Code/bowtie/krekib/plastic/tests/PlasticConnectionTest.php" line="118" assertions="2" time="0.009638"/>
      <testcase name="it_executes_a_delete_statement_on_client" class="PlasticConnectionTest" file="/home/vagrant/Code/bowtie/krekib/plastic/tests/PlasticConnectionTest.php" line="133" assertions="2" time="0.008707"/>
      <testcase name="it_executes_a_bulk_statement_on_client" class="PlasticConnectionTest" file="/home/vagrant/Code/bowtie/krekib/plastic/tests/PlasticConnectionTest.php" line="148" assertions="2" time="0.008473"/>
      <testcase name="it_starts_a_fluent_search_query_builder" class="PlasticConnectionTest" file="/home/vagrant/Code/bowtie/krekib/plastic/tests/PlasticConnectionTest.php" line="163" assertions="1" time="0.004929"/>
      <testcase name="it_starts_a_fluent_suggest_query_builder" class="PlasticConnectionTest" file="/home/vagrant/Code/bowtie/krekib/plastic/tests/PlasticConnectionTest.php" line="173" assertions="1" time="0.005803"/>
      <testcase name="it_can_return_a_persistance_handler_for_eloquent_model" class="PlasticConnectionTest" file="/home/vagrant/Code/bowtie/krekib/plastic/tests/PlasticConnectionTest.php" line="183" assertions="1" time="0.006277"/>
    </testsuite>
  </testsuite>
</testsuites>
